{"level":"info","message":"Database connection succeed","service":"blog-website","timestamp":"2025-09-20 12:00:02"}
{"level":"info","message":"Database connection succeed","service":"blog-website","timestamp":"2025-09-20 12:00:19"}
{"level":"info","message":"Database connection succeed","service":"blog-website","timestamp":"2025-09-20 12:00:38"}
{"level":"info","message":"Database connection succeed","service":"blog-website","timestamp":"2025-09-20 12:00:48"}
{"level":"info","message":"server is running on port : http://localhost:3000","service":"blog-website","timestamp":"2025-09-20 12:00:48"}
blog-website:info:2025-09-20 12:02:13:Database connection succeed
blog-website:info:2025-09-20 12:02:13:server is running on port : http://localhost:3000
blog-website:info:2025-09-20 12:02:17:Database connection succeed
blog-website:info:2025-09-20 12:02:17:server is running on port : http://localhost:3000
blog-website:info:2025-09-20 12:02:47:Database connection succeed
blog-website:info:2025-09-20 12:02:47:server is running on port : http://localhost:3000
blog-website:info:2025-09-20 12:03:01:Database connection succeed
blog-website:info:2025-09-20 12:03:01:server is running on port : http://localhost:3000
blog-website:info:2025-09-20 12:03:06:Database connection succeed
blog-website:info:2025-09-20 12:03:06:server is running on port : http://localhost:3000
blog-website:info:2025-09-20 12:03:19:Database connection succeed
blog-website:info:2025-09-20 12:03:19:server is running on port : http://localhost:3000
blog-website:info:2025-09-20 12:03:27:Database connection succeed
blog-website:info:2025-09-20 12:03:27:server is running on port : http://localhost:3000
blog-website:info:2025-09-20 12:03:35:Database connection succeed
blog-website:info:2025-09-20 12:03:35:server is running on port : http://localhost:3000
blog-website:info:2025-09-20 12:03:41:Database connection succeed
blog-website:info:2025-09-20 12:03:41:server is running on port : http://localhost:3000
blog-website:info:2025-09-20 12:03:43:Database connection succeed
blog-website:info:2025-09-20 12:03:43:server is running on port : http://localhost:3000
blog-website:info:2025-09-20 12:03:47:Database connection succeed
blog-website:info:2025-09-20 12:03:47:server is running on port : http://localhost:3000
blog-website:info:2025-09-20 12:03:51:Database connection succeed
blog-website:info:2025-09-20 12:03:51:server is running on port : http://localhost:3000
blog-website:info:2025-09-20 12:03:56:Database connection succeed
blog-website:info:2025-09-20 12:03:56:server is running on port : http://localhost:3000
blog-website:info:2025-09-20 12:04:01:Database connection succeed
blog-website:info:2025-09-20 12:04:01:server is running on port : http://localhost:3000
blog-website:info:2025-09-20 12:04:06:Database connection succeed
blog-website:info:2025-09-20 12:04:06:server is running on port : http://localhost:3000
blog-website:info:2025-09-20 12:04:16:Database connection succeed
blog-website:info:2025-09-20 12:04:16:server is running on port : http://localhost:3000
blog-website:info:2025-09-20 12:04:24:Database connection succeed
blog-website:info:2025-09-20 12:04:24:server is running on port : http://localhost:3000
blog-website:info:2025-09-20 12:04:39:Database connection succeed
blog-website:info:2025-09-20 12:04:39:server is running on port : http://localhost:3000
blog-website:info:2025-09-20 12:04:44:Database connection succeed
blog-website:info:2025-09-20 12:04:44:server is running on port : http://localhost:3000
blog-website:info:2025-09-20 12:05:00:Database connection succeed
blog-website:info:2025-09-20 12:05:00:server is running on port : http://localhost:3000
blog-website:info:2025-09-20 12:05:11:Database connection succeed
blog-website:info:2025-09-20 12:05:11:server is running on port : http://localhost:3000
blog-website:info:2025-09-20 12:05:51:Database connection succeed
blog-website:info:2025-09-20 12:05:51:server is running on port : http://localhost:3000
blog-website:info:2025-09-20 12:06:00:Database connection succeed
blog-website:info:2025-09-20 12:06:00:server is running on port : http://localhost:3000
blog-website:info:2025-09-20 12:06:04:Database connection succeed
blog-website:info:2025-09-20 12:06:04:server is running on port : http://localhost:3000
blog-website:info:2025-09-20 12:06:19:Database connection succeed
blog-website:info:2025-09-20 12:06:19:server is running on port : http://localhost:3000
blog-website:info:2025-09-20 12:06:26:Database connection succeed
blog-website:info:2025-09-20 12:06:26:server is running on port : http://localhost:3000
blog-website:info:2025-09-20 12:06:31:Database connection succeed
blog-website:info:2025-09-20 12:06:31:server is running on port : http://localhost:3000
blog-website:info:2025-09-20 12:06:52:Database connection succeed
blog-website:info:2025-09-20 12:06:52:server is running on port : http://localhost:3000
blog-website:info:2025-09-20 12:07:04:Database connection succeed
blog-website:info:2025-09-20 12:07:04:server is running on port : http://localhost:3000
blog-website:info:2025-09-20 12:07:11:Database connection succeed
blog-website:info:2025-09-20 12:07:11:server is running on port : http://localhost:3000
blog-website:info:2025-09-20 12:07:21:Database connection succeed
blog-website:info:2025-09-20 12:07:21:server is running on port : http://localhost:3000
blog-website:info:2025-09-20 12:07:25:Database connection succeed
blog-website:info:2025-09-20 12:07:25:server is running on port : http://localhost:3000
blog-website:info:2025-09-20 12:07:29:Database connection succeed
blog-website:info:2025-09-20 12:07:29:server is running on port : http://localhost:3000
blog-website:info:2025-09-20 12:07:34:Database connection succeed
blog-website:info:2025-09-20 12:07:34:server is running on port : http://localhost:3000
blog-website:info:2025-09-20 12:07:48:Database connection succeed
blog-website:info:2025-09-20 12:07:48:server is running on port : http://localhost:3000
blog-website:info:2025-09-20 12:09:59:Database connection succeed
blog-website:info:2025-09-20 12:09:59:server is running on port : http://localhost:3000
blog-website:info:2025-09-20 12:10:05:Database connection succeed
blog-website:info:2025-09-20 12:10:05:server is running on port : http://localhost:3000
blog-website:info:2025-09-20 12:10:14:Database connection succeed
blog-website:info:2025-09-20 12:10:14:server is running on port : http://localhost:3000
blog-website:error:2025-09-20 12:11:04:Database connection failed. Error: bad auth : authentication failed
blog-website:info:2025-09-20 12:11:22:Database connection succeed
blog-website:info:2025-09-20 12:11:22:server is running on port : http://localhost:3000
blog-website:info:2025-09-20 12:12:11:Database connection succeed
blog-website:info:2025-09-20 12:12:11:server is running on port : http://localhost:3000
blog-website:info:2025-09-20 15:27:37:Database connection succeed
blog-website:info:2025-09-20 15:27:37:server is running on port : http://localhost:3000
blog-website:info:2025-09-20 15:28:50:Database connection succeed
blog-website:info:2025-09-20 15:28:50:server is running on port : http://localhost:3000
blog-website:info:2025-09-20 15:29:02:Database connection succeed
blog-website:info:2025-09-20 15:29:02:server is running on port : http://localhost:3000
blog-website:info:2025-09-20 15:30:04:Database connection succeed
blog-website:info:2025-09-20 15:30:04:server is running on port : http://localhost:3000
blog-website:info:2025-09-20 15:30:12:Database connection succeed
blog-website:info:2025-09-20 15:30:12:server is running on port : http://localhost:3000
blog-website:info:2025-09-20 15:30:32:Database connection succeed
blog-website:info:2025-09-20 15:30:32:server is running on port : http://localhost:3000
blog-website:info:2025-09-20 15:30:58:Database connection succeed
blog-website:info:2025-09-20 15:30:59:server is running on port : http://localhost:3000
blog-website:info:2025-09-20 15:31:34:Database connection succeed
blog-website:info:2025-09-20 15:31:34:server is running on port : http://localhost:3000
blog-website:info:2025-09-20 15:31:40:Database connection succeed
blog-website:info:2025-09-20 15:31:40:server is running on port : http://localhost:3000
blog-website:info:2025-09-20 15:31:53:Database connection succeed
blog-website:info:2025-09-20 15:31:53:server is running on port : http://localhost:3000
blog-website:info:2025-09-20 15:32:02:Database connection succeed
blog-website:info:2025-09-20 15:32:02:server is running on port : http://localhost:3000
blog-website:info:2025-09-20 15:33:13:Database connection succeed
blog-website:info:2025-09-20 15:33:13:server is running on port : http://localhost:3000
blog-website:info:2025-09-20 15:33:28:Database connection succeed
blog-website:info:2025-09-20 15:33:28:server is running on port : http://localhost:3000
blog-website:info:2025-09-20 15:33:42:Database connection succeed
blog-website:info:2025-09-20 15:33:42:server is running on port : http://localhost:3000
blog-website:info:2025-09-20 15:33:58:Database connection succeed
blog-website:info:2025-09-20 15:33:58:server is running on port : http://localhost:3000
blog-website:info:2025-09-20 15:34:05:Database connection succeed
blog-website:info:2025-09-20 15:34:05:server is running on port : http://localhost:3000
blog-website:info:2025-09-20 15:34:20:Database connection succeed
blog-website:info:2025-09-20 15:34:21:server is running on port : http://localhost:3000
blog-website:info:2025-09-20 15:34:37:Database connection succeed
blog-website:info:2025-09-20 15:34:37:server is running on port : http://localhost:3000
blog-website:info:2025-09-20 15:34:48:Database connection succeed
blog-website:info:2025-09-20 15:34:48:server is running on port : http://localhost:3000
blog-website:info:2025-09-20 15:35:10:Database connection succeed
blog-website:info:2025-09-20 15:35:10:server is running on port : http://localhost:3000
blog-website:info:2025-09-20 15:35:26:Database connection succeed
blog-website:info:2025-09-20 15:35:26:server is running on port : http://localhost:3000
blog-website:info:2025-09-20 15:35:35:Database connection succeed
blog-website:info:2025-09-20 15:35:35:server is running on port : http://localhost:3000
blog-website:info:2025-09-20 15:35:47:Database connection succeed
blog-website:info:2025-09-20 15:35:48:server is running on port : http://localhost:3000
blog-website:info:2025-09-20 15:36:00:Database connection succeed
blog-website:info:2025-09-20 15:36:00:server is running on port : http://localhost:3000
blog-website:info:2025-09-20 15:36:17:Database connection succeed
blog-website:info:2025-09-20 15:36:17:server is running on port : http://localhost:3000
blog-website:info:2025-09-20 15:36:37:Database connection succeed
blog-website:info:2025-09-20 15:36:37:server is running on port : http://localhost:3000
blog-website:info:2025-09-20 15:36:59:Database connection succeed
blog-website:info:2025-09-20 15:36:59:server is running on port : http://localhost:3000
blog-website:info:2025-09-20 15:37:08:Database connection succeed
blog-website:info:2025-09-20 15:37:08:server is running on port : http://localhost:3000
blog-website:info:2025-09-20 15:37:17:Database connection succeed
blog-website:info:2025-09-20 15:37:17:server is running on port : http://localhost:3000
blog-website:info:2025-09-20 15:37:34:Database connection succeed
blog-website:info:2025-09-20 15:37:34:server is running on port : http://localhost:3000
blog-website:info:2025-09-20 15:37:58:Database connection succeed
blog-website:info:2025-09-20 15:37:58:server is running on port : http://localhost:3000
blog-website:info:2025-09-20 15:38:09:Database connection succeed
blog-website:info:2025-09-20 15:38:09:server is running on port : http://localhost:3000
blog-website:info:2025-09-20 15:38:28:Database connection succeed
blog-website:info:2025-09-20 15:38:28:server is running on port : http://localhost:3000
blog-website:info:2025-09-20 15:38:37:Database connection succeed
blog-website:info:2025-09-20 15:38:37:server is running on port : http://localhost:3000
blog-website:info:2025-09-20 15:38:50:Database connection succeed
blog-website:info:2025-09-20 15:38:50:server is running on port : http://localhost:3000
blog-website:info:2025-09-20 15:39:03:Database connection succeed
blog-website:info:2025-09-20 15:39:03:server is running on port : http://localhost:3000
blog-website:info:2025-09-20 15:39:25:Database connection succeed
blog-website:info:2025-09-20 15:39:25:server is running on port : http://localhost:3000
blog-website:info:2025-09-20 15:39:47:Database connection succeed
blog-website:info:2025-09-20 15:39:47:server is running on port : http://localhost:3000
blog-website:info:2025-09-20 15:39:59:Database connection succeed
blog-website:info:2025-09-20 15:40:00:server is running on port : http://localhost:3000
blog-website:info:2025-09-20 15:40:11:Database connection succeed
blog-website:info:2025-09-20 15:40:11:server is running on port : http://localhost:3000
blog-website:info:2025-09-20 15:40:19:Database connection succeed
blog-website:info:2025-09-20 15:40:19:server is running on port : http://localhost:3000
blog-website:info:2025-09-20 15:40:36:Database connection succeed
blog-website:info:2025-09-20 15:40:36:server is running on port : http://localhost:3000
blog-website:info:2025-09-20 15:40:41:Database connection succeed
blog-website:info:2025-09-20 15:40:41:server is running on port : http://localhost:3000
blog-website:info:2025-09-20 15:40:55:Database connection succeed
blog-website:info:2025-09-20 15:40:55:server is running on port : http://localhost:3000
blog-website:info:2025-09-20 15:41:06:Database connection succeed
blog-website:info:2025-09-20 15:41:06:server is running on port : http://localhost:3000
blog-website:info:2025-09-20 15:41:23:Database connection succeed
blog-website:info:2025-09-20 15:41:23:server is running on port : http://localhost:3000
blog-website:info:2025-09-20 15:42:14:Database connection succeed
blog-website:info:2025-09-20 15:42:14:server is running on port : http://localhost:3000
blog-website:info:2025-09-20 15:42:29:Database connection succeed
blog-website:info:2025-09-20 15:42:29:server is running on port : http://localhost:3000
blog-website:info:2025-09-20 15:42:47:Database connection succeed
blog-website:info:2025-09-20 15:42:47:server is running on port : http://localhost:3000
blog-website:info:2025-09-20 15:43:03:Database connection succeed
blog-website:info:2025-09-20 15:43:03:server is running on port : http://localhost:3000
blog-website:info:2025-09-20 15:43:27:Database connection succeed
blog-website:info:2025-09-20 15:43:27:server is running on port : http://localhost:3000
blog-website:info:2025-09-20 15:43:36:Database connection succeed
blog-website:info:2025-09-20 15:43:36:server is running on port : http://localhost:3000
blog-website:info:2025-09-20 15:43:45:Database connection succeed
blog-website:info:2025-09-20 15:43:45:server is running on port : http://localhost:3000
blog-website:info:2025-09-20 15:44:01:Database connection succeed
blog-website:info:2025-09-20 15:44:01:server is running on port : http://localhost:3000
blog-website:info:2025-09-20 15:44:07:Database connection succeed
blog-website:info:2025-09-20 15:44:07:server is running on port : http://localhost:3000
blog-website:info:2025-09-20 15:44:20:Database connection succeed
blog-website:info:2025-09-20 15:44:20:server is running on port : http://localhost:3000
blog-website:info:2025-09-20 15:44:41:Database connection succeed
blog-website:info:2025-09-20 15:44:41:server is running on port : http://localhost:3000
blog-website:info:2025-09-20 15:44:47:Database connection succeed
blog-website:info:2025-09-20 15:44:47:server is running on port : http://localhost:3000
blog-website:info:2025-09-20 15:45:02:Database connection succeed
blog-website:info:2025-09-20 15:45:02:server is running on port : http://localhost:3000
blog-website:info:2025-09-20 15:45:10:Database connection succeed
blog-website:info:2025-09-20 15:45:10:server is running on port : http://localhost:3000
blog-website:info:2025-09-20 15:45:19:Database connection succeed
blog-website:info:2025-09-20 15:45:19:server is running on port : http://localhost:3000
blog-website:info:2025-09-20 15:45:52:Database connection succeed
blog-website:info:2025-09-20 15:45:52:server is running on port : http://localhost:3000
blog-website:info:2025-09-20 15:46:02:Database connection succeed
blog-website:info:2025-09-20 15:46:02:server is running on port : http://localhost:3000
blog-website:info:2025-09-20 15:46:15:Database connection succeed
blog-website:info:2025-09-20 15:46:15:server is running on port : http://localhost:3000
blog-website:info:2025-09-20 15:47:35:Database connection succeed
blog-website:info:2025-09-20 15:47:35:server is running on port : http://localhost:3000
blog-website:info:2025-09-20 15:47:48:Database connection succeed
blog-website:info:2025-09-20 15:47:48:server is running on port : http://localhost:3000
blog-website:info:2025-09-20 15:48:01:Database connection succeed
blog-website:info:2025-09-20 15:48:01:server is running on port : http://localhost:3000
blog-website:info:2025-09-20 15:48:09:Database connection succeed
blog-website:info:2025-09-20 15:48:09:server is running on port : http://localhost:3000
blog-website:info:2025-09-20 15:48:30:Database connection succeed
blog-website:info:2025-09-20 15:48:30:server is running on port : http://localhost:3000
blog-website:info:2025-09-20 15:48:52:Database connection succeed
blog-website:info:2025-09-20 15:48:52:server is running on port : http://localhost:3000
blog-website:info:2025-09-20 15:49:01:Database connection succeed
blog-website:info:2025-09-20 15:49:01:server is running on port : http://localhost:3000
blog-website:info:2025-09-20 15:50:14:Database connection succeed
blog-website:info:2025-09-20 15:50:14:server is running on port : http://localhost:3000
blog-website:info:2025-09-20 15:50:24:Database connection succeed
blog-website:info:2025-09-20 15:50:24:server is running on port : http://localhost:3000
blog-website:info:2025-09-20 15:50:40:Database connection succeed
blog-website:info:2025-09-20 15:50:40:server is running on port : http://localhost:3000
blog-website:info:2025-09-20 15:50:54:Database connection succeed
blog-website:info:2025-09-20 15:50:54:server is running on port : http://localhost:3000
blog-website:info:2025-09-20 15:51:09:Database connection succeed
blog-website:info:2025-09-20 15:51:09:server is running on port : http://localhost:3000
blog-website:info:2025-09-20 15:52:38:Database connection succeed
blog-website:info:2025-09-20 15:52:38:server is running on port : http://localhost:3000
blog-website:info:2025-09-20 15:53:10:Database connection succeed
blog-website:info:2025-09-20 15:53:10:server is running on port : http://localhost:3000
blog-website:info:2025-09-20 15:55:00:Database connection succeed
blog-website:info:2025-09-20 15:55:00:server is running on port : http://localhost:3000
blog-website:info:2025-09-20 15:55:08:Database connection succeed
blog-website:info:2025-09-20 15:55:08:server is running on port : http://localhost:3000
blog-website:info:2025-09-20 15:55:19:Database connection succeed
blog-website:info:2025-09-20 15:55:19:server is running on port : http://localhost:3000
blog-website:info:2025-09-20 15:55:28:Database connection succeed
blog-website:info:2025-09-20 15:55:29:server is running on port : http://localhost:3000
blog-website:info:2025-09-20 15:55:41:Database connection succeed
blog-website:info:2025-09-20 15:55:41:server is running on port : http://localhost:3000
blog-website:info:2025-09-20 15:55:58:Database connection succeed
blog-website:info:2025-09-20 15:55:58:server is running on port : http://localhost:3000
blog-website:info:2025-09-20 15:56:23:Database connection succeed
blog-website:info:2025-09-20 15:56:23:server is running on port : http://localhost:3000
blog-website:info:2025-09-20 15:56:31:Database connection succeed
blog-website:info:2025-09-20 15:56:31:server is running on port : http://localhost:3000
blog-website:info:2025-09-20 15:56:49:Database connection succeed
blog-website:info:2025-09-20 15:56:49:server is running on port : http://localhost:3000
blog-website:info:2025-09-20 15:57:05:Database connection succeed
blog-website:info:2025-09-20 15:57:05:server is running on port : http://localhost:3000
blog-website:info:2025-09-20 15:57:16:Database connection succeed
blog-website:info:2025-09-20 15:57:16:server is running on port : http://localhost:3000
blog-website:info:2025-09-20 15:57:35:Database connection succeed
blog-website:info:2025-09-20 15:57:35:server is running on port : http://localhost:3000
blog-website:info:2025-09-20 15:57:55:Database connection succeed
blog-website:info:2025-09-20 15:57:56:server is running on port : http://localhost:3000
blog-website:info:2025-09-20 15:58:20:Database connection succeed
blog-website:info:2025-09-20 15:58:20:server is running on port : http://localhost:3000
blog-website:info:2025-09-20 15:58:34:Database connection succeed
blog-website:info:2025-09-20 15:58:34:server is running on port : http://localhost:3000
blog-website:info:2025-09-20 15:58:48:Database connection succeed
blog-website:info:2025-09-20 15:58:48:server is running on port : http://localhost:3000
blog-website:info:2025-09-20 16:02:42:Database connection succeed
blog-website:info:2025-09-20 16:02:42:server is running on port : http://localhost:3000
blog-website:info:2025-09-20 16:02:50:Database connection succeed
blog-website:info:2025-09-20 16:02:50:server is running on port : http://localhost:3000
blog-website:info:2025-09-20 16:03:08:Database connection succeed
blog-website:info:2025-09-20 16:03:08:server is running on port : http://localhost:3000
blog-website:info:2025-09-20 16:03:13:Database connection succeed
blog-website:info:2025-09-20 16:03:13:server is running on port : http://localhost:3000
blog-website:info:2025-09-20 16:03:19:Database connection succeed
blog-website:info:2025-09-20 16:03:19:server is running on port : http://localhost:3000
blog-website:info:2025-09-20 16:04:27:Database connection succeed
blog-website:info:2025-09-20 16:04:27:server is running on port : http://localhost:3000
blog-website:error:2025-09-20 16:05:59:Error: Cannot destructure property 'name' of 'req.body' as it is undefined.
blog-website:error:2025-09-20 16:06:32:Error: Cannot destructure property 'name' of 'req.body' as it is undefined.
blog-website:error:2025-09-20 16:08:33:Error: Cannot destructure property 'name' of 'req.body' as it is undefined.
blog-website:error:2025-09-20 16:08:38:Error: Cannot destructure property 'name' of 'req.body' as it is undefined.
blog-website:error:2025-09-20 16:08:49:Error: Cannot destructure property 'name' of 'req.body' as it is undefined.
blog-website:info:2025-09-20 16:09:50:Database connection succeed
blog-website:info:2025-09-20 16:09:50:server is running on port : http://localhost:3000
blog-website:error:2025-09-20 16:09:51:Error: Cannot destructure property 'name' of 'req.body' as it is undefined.
blog-website:info:2025-09-20 16:11:27:Database connection succeed
blog-website:info:2025-09-20 16:11:27:server is running on port : http://localhost:3000
blog-website:info:2025-09-20 16:12:06:Database connection succeed
blog-website:info:2025-09-20 16:12:06:server is running on port : http://localhost:3000
blog-website:error:2025-09-20 16:12:07:Error: Cannot destructure property 'name' of 'req.body' as it is undefined.
blog-website:info:2025-09-20 16:12:39:Database connection succeed
blog-website:info:2025-09-20 16:12:39:server is running on port : http://localhost:3000
blog-website:error:2025-09-20 16:12:40:Error: Cannot destructure property 'name' of 'req.body' as it is undefined.
blog-website:info:2025-09-20 16:13:15:Database connection succeed
blog-website:info:2025-09-20 16:13:15:server is running on port : http://localhost:3000
blog-website:error:2025-09-20 16:13:16:Error: Cannot destructure property 'name' of 'req.body' as it is undefined.
blog-website:error:2025-09-20 16:14:03:Error: Cannot destructure property 'name' of 'req.body' as it is undefined.
blog-website:info:2025-09-20 16:14:25:Database connection succeed
blog-website:info:2025-09-20 16:14:25:server is running on port : http://localhost:3000
blog-website:error:2025-09-20 16:15:50:Error: User validation failed: avatar.url: Path `avatar.url` is required., avatar.public_id: Path `avatar.public_id` is required.
blog-website:error:2025-09-20 16:16:06:Error: Cannot destructure property 'name' of 'req.body' as it is undefined.
blog-website:info:2025-09-21 18:36:04:Database connection succeed
blog-website:info:2025-09-21 18:36:04:server is running on port : http://localhost:3000
blog-website:error:2025-09-21 18:36:15:Error: Cannot destructure property 'name' of 'req.body' as it is undefined.
blog-website:info:2025-09-21 18:37:55:Database connection succeed
blog-website:info:2025-09-21 18:37:55:server is running on port : http://localhost:3000
blog-website:info:2025-09-21 18:39:09:Database connection succeed
blog-website:info:2025-09-21 18:39:09:server is running on port : http://localhost:3000
blog-website:info:2025-09-21 18:39:20:Database connection succeed
blog-website:info:2025-09-21 18:39:20:server is running on port : http://localhost:3000
blog-website:info:2025-09-21 18:39:25:Database connection succeed
blog-website:info:2025-09-21 18:39:25:server is running on port : http://localhost:3000
blog-website:info:2025-09-21 18:39:32:Database connection succeed
blog-website:info:2025-09-21 18:39:32:server is running on port : http://localhost:3000
blog-website:info:2025-09-21 18:39:39:Database connection succeed
blog-website:info:2025-09-21 18:39:39:server is running on port : http://localhost:3000
blog-website:info:2025-09-21 18:40:32:Database connection succeed
blog-website:info:2025-09-21 18:40:32:server is running on port : http://localhost:3000
blog-website:info:2025-09-21 18:42:24:Database connection succeed
blog-website:info:2025-09-21 18:42:24:server is running on port : http://localhost:3000
blog-website:info:2025-09-21 18:42:28:Database connection succeed
blog-website:info:2025-09-21 18:42:28:server is running on port : http://localhost:3000
blog-website:info:2025-09-21 18:42:34:Database connection succeed
blog-website:info:2025-09-21 18:42:34:server is running on port : http://localhost:3000
blog-website:info:2025-09-21 18:42:38:Database connection succeed
blog-website:info:2025-09-21 18:42:38:server is running on port : http://localhost:3000
blog-website:info:2025-09-21 18:42:46:Database connection succeed
blog-website:info:2025-09-21 18:42:46:server is running on port : http://localhost:3000
blog-website:info:2025-09-21 18:42:50:Database connection succeed
blog-website:info:2025-09-21 18:42:50:server is running on port : http://localhost:3000
blog-website:info:2025-09-21 18:42:55:Database connection succeed
blog-website:info:2025-09-21 18:42:55:server is running on port : http://localhost:3000
blog-website:info:2025-09-21 18:42:58:Database connection succeed
blog-website:info:2025-09-21 18:42:58:server is running on port : http://localhost:3000
blog-website:info:2025-09-21 18:43:13:Database connection succeed
blog-website:info:2025-09-21 18:43:13:server is running on port : http://localhost:3000
blog-website:info:2025-09-21 18:43:42:Database connection succeed
blog-website:info:2025-09-21 18:43:42:server is running on port : http://localhost:3000
blog-website:info:2025-09-21 18:43:53:Database connection succeed
blog-website:info:2025-09-21 18:43:53:server is running on port : http://localhost:3000
blog-website:info:2025-09-21 18:44:08:Database connection succeed
blog-website:info:2025-09-21 18:44:08:server is running on port : http://localhost:3000
blog-website:info:2025-09-21 18:44:11:Database connection succeed
blog-website:info:2025-09-21 18:44:11:server is running on port : http://localhost:3000
blog-website:info:2025-09-21 18:44:18:Database connection succeed
blog-website:info:2025-09-21 18:44:18:server is running on port : http://localhost:3000
blog-website:info:2025-09-21 18:44:31:Database connection succeed
blog-website:info:2025-09-21 18:44:31:server is running on port : http://localhost:3000
blog-website:info:2025-09-21 18:44:38:Database connection succeed
blog-website:info:2025-09-21 18:44:44:Database connection succeed
blog-website:info:2025-09-21 18:44:44:server is running on port : http://localhost:3000
blog-website:info:2025-09-21 18:44:49:Database connection succeed
blog-website:info:2025-09-21 18:44:49:server is running on port : http://localhost:3000
blog-website:info:2025-09-21 18:45:00:Database connection succeed
blog-website:info:2025-09-21 18:45:00:server is running on port : http://localhost:3000
blog-website:info:2025-09-21 18:45:04:Database connection succeed
blog-website:info:2025-09-21 18:45:04:server is running on port : http://localhost:3000
blog-website:info:2025-09-21 18:45:11:Database connection succeed
blog-website:info:2025-09-21 18:45:11:server is running on port : http://localhost:3000
blog-website:info:2025-09-21 18:45:15:Database connection succeed
blog-website:info:2025-09-21 18:45:15:server is running on port : http://localhost:3000
blog-website:info:2025-09-21 18:48:56:Database connection succeed
blog-website:info:2025-09-21 18:48:56:server is running on port : http://localhost:3000
blog-website:info:2025-09-21 18:49:02:Database connection succeed
blog-website:info:2025-09-21 18:49:02:server is running on port : http://localhost:3000
blog-website:info:2025-09-21 18:49:12:Database connection succeed
blog-website:info:2025-09-21 18:49:12:server is running on port : http://localhost:3000
blog-website:info:2025-09-21 18:49:18:Database connection succeed
blog-website:info:2025-09-21 18:49:18:server is running on port : http://localhost:3000
blog-website:info:2025-09-21 18:49:23:Database connection succeed
blog-website:info:2025-09-21 18:49:23:server is running on port : http://localhost:3000
blog-website:info:2025-09-21 18:49:27:Database connection succeed
blog-website:info:2025-09-21 18:49:27:server is running on port : http://localhost:3000
blog-website:info:2025-09-21 18:49:34:Database connection succeed
blog-website:info:2025-09-21 18:49:34:server is running on port : http://localhost:3000
blog-website:info:2025-09-21 18:49:42:Database connection succeed
blog-website:info:2025-09-21 18:49:42:server is running on port : http://localhost:3000
blog-website:info:2025-09-21 18:49:51:Database connection succeed
blog-website:info:2025-09-21 18:49:51:server is running on port : http://localhost:3000
blog-website:info:2025-09-21 18:50:18:Database connection succeed
blog-website:info:2025-09-21 18:50:18:server is running on port : http://localhost:3000
blog-website:error:2025-09-21 18:50:37:Error: User validation failed: avatar.url: Path `avatar.url` is required., avatar.public_id: Path `avatar.public_id` is required.
blog-website:info:2025-09-21 18:51:32:Database connection succeed
blog-website:info:2025-09-21 18:51:32:server is running on port : http://localhost:3000
blog-website:info:2025-09-21 18:52:35:Database connection succeed
blog-website:info:2025-09-21 18:52:35:server is running on port : http://localhost:3000
blog-website:error:2025-09-21 18:52:49:Error: 
blog-website:info:2025-09-21 18:55:31:Database connection succeed
blog-website:info:2025-09-21 18:55:31:server is running on port : http://localhost:3000
blog-website:info:2025-09-21 18:56:22:Database connection succeed
blog-website:info:2025-09-21 18:56:22:server is running on port : http://localhost:3000
blog-website:info:2025-09-21 18:56:43:Database connection succeed
blog-website:info:2025-09-21 18:56:43:server is running on port : http://localhost:3000
blog-website:info:2025-09-21 18:56:47:Database connection succeed
blog-website:info:2025-09-21 18:56:47:server is running on port : http://localhost:3000
blog-website:info:2025-09-21 18:56:53:Database connection succeed
blog-website:info:2025-09-21 18:56:53:server is running on port : http://localhost:3000
blog-website:info:2025-09-21 18:57:06:Database connection succeed
blog-website:info:2025-09-21 18:57:06:server is running on port : http://localhost:3000
blog-website:info:2025-09-21 19:01:13:Database connection succeed
blog-website:info:2025-09-21 19:01:13:server is running on port : http://localhost:3000
blog-website:error:2025-09-21 19:02:45:Error: User already existed
blog-website:info:2025-09-21 19:07:34:Database connection succeed
blog-website:info:2025-09-21 19:07:34:server is running on port : http://localhost:3000
blog-website:info:2025-09-21 19:07:46:Database connection succeed
blog-website:info:2025-09-21 19:07:46:server is running on port : http://localhost:3000
blog-website:error:2025-09-21 19:09:13:Error: User already existed
blog-website:info:2025-09-21 19:11:50:Database connection succeed
blog-website:info:2025-09-21 19:11:50:server is running on port : http://localhost:3000
blog-website:info:2025-09-21 19:13:29:Database connection succeed
blog-website:info:2025-09-21 19:13:29:server is running on port : http://localhost:3000
blog-website:info:2025-09-21 19:13:59:Database connection succeed
blog-website:info:2025-09-21 19:13:59:server is running on port : http://localhost:3000
blog-website:info:2025-09-21 19:14:09:Database connection succeed
blog-website:info:2025-09-21 19:14:09:server is running on port : http://localhost:3000
blog-website:info:2025-09-21 19:14:17:Database connection succeed
blog-website:info:2025-09-21 19:14:17:server is running on port : http://localhost:3000
blog-website:info:2025-09-21 19:14:26:Database connection succeed
blog-website:info:2025-09-21 19:14:26:server is running on port : http://localhost:3000
blog-website:info:2025-09-21 19:15:08:Database connection succeed
blog-website:info:2025-09-21 19:15:08:server is running on port : http://localhost:3000
blog-website:info:2025-09-21 19:15:45:Database connection succeed
blog-website:info:2025-09-21 19:15:45:server is running on port : http://localhost:3000
blog-website:info:2025-09-21 19:16:00:Database connection succeed
blog-website:info:2025-09-21 19:16:00:server is running on port : http://localhost:3000
blog-website:info:2025-09-21 19:16:04:Database connection succeed
blog-website:info:2025-09-21 19:16:04:server is running on port : http://localhost:3000
blog-website:info:2025-09-21 19:16:14:Database connection succeed
blog-website:info:2025-09-21 19:16:14:server is running on port : http://localhost:3000
blog-website:info:2025-09-21 19:16:19:Database connection succeed
blog-website:info:2025-09-21 19:16:19:server is running on port : http://localhost:3000
blog-website:info:2025-09-21 19:16:33:Database connection succeed
blog-website:info:2025-09-21 19:16:33:server is running on port : http://localhost:3000
blog-website:info:2025-09-21 19:17:21:Database connection succeed
blog-website:info:2025-09-21 19:17:21:server is running on port : http://localhost:3000
blog-website:info:2025-09-21 19:17:36:Database connection succeed
blog-website:info:2025-09-21 19:17:36:server is running on port : http://localhost:3000
blog-website:info:2025-09-21 19:17:49:Database connection succeed
blog-website:info:2025-09-21 19:17:49:server is running on port : http://localhost:3000
blog-website:info:2025-09-21 19:18:00:Database connection succeed
blog-website:info:2025-09-21 19:18:00:server is running on port : http://localhost:3000
blog-website:info:2025-09-21 19:18:08:Database connection succeed
blog-website:info:2025-09-21 19:18:08:server is running on port : http://localhost:3000
blog-website:info:2025-09-21 19:18:16:Database connection succeed
blog-website:info:2025-09-21 19:18:16:server is running on port : http://localhost:3000
blog-website:info:2025-09-21 19:18:31:Database connection succeed
blog-website:info:2025-09-21 19:18:31:server is running on port : http://localhost:3000
blog-website:info:2025-09-21 19:18:35:Database connection succeed
blog-website:info:2025-09-21 19:18:35:server is running on port : http://localhost:3000
blog-website:info:2025-09-21 19:18:39:Database connection succeed
blog-website:info:2025-09-21 19:18:39:server is running on port : http://localhost:3000
blog-website:info:2025-09-21 19:18:46:Database connection succeed
blog-website:info:2025-09-21 19:18:46:server is running on port : http://localhost:3000
blog-website:info:2025-09-21 19:18:52:Database connection succeed
blog-website:info:2025-09-21 19:18:52:server is running on port : http://localhost:3000
blog-website:info:2025-09-21 19:19:02:Database connection succeed
blog-website:info:2025-09-21 19:19:02:server is running on port : http://localhost:3000
blog-website:info:2025-09-21 19:19:10:Database connection succeed
blog-website:info:2025-09-21 19:19:10:server is running on port : http://localhost:3000
blog-website:info:2025-09-21 19:19:17:Database connection succeed
blog-website:info:2025-09-21 19:19:17:server is running on port : http://localhost:3000
blog-website:info:2025-09-21 19:19:31:Database connection succeed
blog-website:info:2025-09-21 19:19:31:server is running on port : http://localhost:3000
blog-website:info:2025-09-21 19:19:38:Database connection succeed
blog-website:info:2025-09-21 19:19:38:server is running on port : http://localhost:3000
blog-website:info:2025-09-21 19:19:49:Database connection succeed
blog-website:info:2025-09-21 19:19:49:server is running on port : http://localhost:3000
blog-website:info:2025-09-21 19:19:53:Database connection succeed
blog-website:info:2025-09-21 19:19:53:server is running on port : http://localhost:3000
blog-website:info:2025-09-21 19:19:56:Database connection succeed
blog-website:info:2025-09-21 19:19:57:server is running on port : http://localhost:3000
blog-website:info:2025-09-21 19:20:08:Database connection succeed
blog-website:info:2025-09-21 19:20:08:server is running on port : http://localhost:3000
blog-website:info:2025-09-21 19:20:16:Database connection succeed
blog-website:info:2025-09-21 19:20:16:server is running on port : http://localhost:3000
blog-website:info:2025-09-21 19:20:21:Database connection succeed
blog-website:info:2025-09-21 19:20:21:server is running on port : http://localhost:3000
blog-website:info:2025-09-21 19:20:27:Database connection succeed
blog-website:info:2025-09-21 19:20:27:server is running on port : http://localhost:3000
blog-website:info:2025-09-21 19:20:46:Database connection succeed
blog-website:info:2025-09-21 19:20:46:server is running on port : http://localhost:3000
blog-website:info:2025-09-21 19:20:59:Database connection succeed
blog-website:info:2025-09-21 19:20:59:server is running on port : http://localhost:3000
blog-website:info:2025-09-21 19:21:09:Database connection succeed
blog-website:info:2025-09-21 19:21:09:server is running on port : http://localhost:3000
blog-website:info:2025-09-21 19:22:21:Database connection succeed
blog-website:info:2025-09-21 19:22:21:server is running on port : http://localhost:3000
blog-website:info:2025-09-21 19:22:28:Database connection succeed
blog-website:info:2025-09-21 19:22:28:server is running on port : http://localhost:3000
blog-website:info:2025-09-21 19:22:35:Database connection succeed
blog-website:info:2025-09-21 19:22:35:server is running on port : http://localhost:3000
blog-website:info:2025-09-21 19:22:39:Database connection succeed
blog-website:info:2025-09-21 19:22:39:server is running on port : http://localhost:3000
blog-website:info:2025-09-21 19:22:57:Database connection succeed
blog-website:info:2025-09-21 19:22:57:server is running on port : http://localhost:3000
blog-website:info:2025-09-21 19:23:11:Database connection succeed
blog-website:info:2025-09-21 19:23:11:server is running on port : http://localhost:3000
blog-website:info:2025-09-21 19:23:20:Database connection succeed
blog-website:info:2025-09-21 19:23:20:server is running on port : http://localhost:3000
blog-website:info:2025-09-21 19:23:29:Database connection succeed
blog-website:info:2025-09-21 19:23:29:server is running on port : http://localhost:3000
blog-website:info:2025-09-21 19:23:41:Database connection succeed
blog-website:info:2025-09-21 19:23:41:server is running on port : http://localhost:3000
blog-website:info:2025-09-21 19:24:00:Database connection succeed
blog-website:info:2025-09-21 19:24:00:server is running on port : http://localhost:3000
blog-website:info:2025-09-21 19:28:00:Database connection succeed
blog-website:info:2025-09-21 19:28:00:server is running on port : http://localhost:3000
blog-website:info:2025-09-21 21:28:04:Database connection succeed
blog-website:info:2025-09-21 21:28:04:server is running on port : http://localhost:3000
blog-website:info:2025-09-21 21:28:14:Database connection succeed
blog-website:info:2025-09-21 21:28:14:server is running on port : http://localhost:3000
blog-website:info:2025-09-21 21:28:31:Database connection succeed
blog-website:info:2025-09-21 21:28:31:server is running on port : http://localhost:3000
blog-website:info:2025-09-21 21:28:36:Database connection succeed
blog-website:info:2025-09-21 21:28:36:server is running on port : http://localhost:3000
blog-website:info:2025-09-21 21:28:46:Database connection succeed
blog-website:info:2025-09-21 21:28:46:server is running on port : http://localhost:3000
blog-website:info:2025-09-21 21:29:16:Database connection succeed
blog-website:info:2025-09-21 21:29:16:server is running on port : http://localhost:3000
blog-website:error:2025-09-21 21:30:35:Error: Invalid credentials
blog-website:error:2025-09-21 21:30:43:Error: User not found
blog-website:info:2025-09-21 21:31:09:Database connection succeed
blog-website:info:2025-09-21 21:31:09:server is running on port : http://localhost:3000
blog-website:info:2025-09-21 21:31:53:Database connection succeed
blog-website:info:2025-09-21 21:31:53:server is running on port : http://localhost:3000
blog-website:info:2025-09-21 21:32:34:Database connection succeed
blog-website:info:2025-09-21 21:32:34:server is running on port : http://localhost:3000
blog-website:info:2025-09-21 21:33:04:Database connection succeed
blog-website:info:2025-09-21 21:33:04:server is running on port : http://localhost:3000
blog-website:info:2025-09-21 21:33:25:Database connection succeed
blog-website:info:2025-09-21 21:33:26:server is running on port : http://localhost:3000
blog-website:info:2025-09-21 21:33:33:Database connection succeed
blog-website:info:2025-09-21 21:33:33:server is running on port : http://localhost:3000
blog-website:info:2025-09-21 21:33:37:Database connection succeed
blog-website:info:2025-09-21 21:33:37:server is running on port : http://localhost:3000
blog-website:info:2025-09-21 21:33:41:Database connection succeed
blog-website:info:2025-09-21 21:33:41:server is running on port : http://localhost:3000
blog-website:info:2025-09-21 21:35:03:Database connection succeed
blog-website:info:2025-09-21 21:35:03:server is running on port : http://localhost:3000
blog-website:info:2025-09-21 21:35:08:Database connection succeed
blog-website:info:2025-09-21 21:35:08:server is running on port : http://localhost:3000
blog-website:info:2025-09-21 21:35:35:Database connection succeed
blog-website:info:2025-09-21 21:35:35:server is running on port : http://localhost:3000
blog-website:info:2025-09-21 21:35:41:Database connection succeed
blog-website:info:2025-09-21 21:35:41:server is running on port : http://localhost:3000
blog-website:info:2025-09-21 21:37:14:Database connection succeed
blog-website:info:2025-09-21 21:37:14:server is running on port : http://localhost:3000
blog-website:info:2025-09-21 21:37:32:Database connection succeed
blog-website:info:2025-09-21 21:37:32:server is running on port : http://localhost:3000
blog-website:info:2025-09-21 21:37:55:Database connection succeed
blog-website:info:2025-09-21 21:37:55:server is running on port : http://localhost:3000
blog-website:info:2025-09-21 21:39:47:Database connection succeed
blog-website:info:2025-09-21 21:39:47:server is running on port : http://localhost:3000
blog-website:info:2025-09-21 21:40:26:Database connection succeed
blog-website:info:2025-09-21 21:40:26:server is running on port : http://localhost:3000
blog-website:info:2025-09-21 21:40:34:Database connection succeed
blog-website:info:2025-09-21 21:40:34:server is running on port : http://localhost:3000
blog-website:info:2025-09-21 21:40:47:Database connection succeed
blog-website:info:2025-09-21 21:40:47:server is running on port : http://localhost:3000
blog-website:info:2025-09-21 21:40:55:Database connection succeed
blog-website:info:2025-09-21 21:40:55:server is running on port : http://localhost:3000
blog-website:info:2025-09-21 21:41:08:Database connection succeed
blog-website:info:2025-09-21 21:41:08:server is running on port : http://localhost:3000
blog-website:info:2025-09-21 21:41:23:Database connection succeed
blog-website:info:2025-09-21 21:41:23:server is running on port : http://localhost:3000
blog-website:info:2025-09-21 21:41:30:Database connection succeed
blog-website:info:2025-09-21 21:41:30:server is running on port : http://localhost:3000
blog-website:info:2025-09-21 21:41:34:Database connection succeed
blog-website:info:2025-09-21 21:41:34:server is running on port : http://localhost:3000
blog-website:info:2025-09-21 21:41:41:Database connection succeed
blog-website:info:2025-09-21 21:41:41:server is running on port : http://localhost:3000
blog-website:info:2025-09-21 21:42:16:Database connection succeed
blog-website:info:2025-09-21 21:42:16:server is running on port : http://localhost:3000
blog-website:info:2025-09-21 21:43:00:Database connection succeed
blog-website:info:2025-09-21 21:43:00:server is running on port : http://localhost:3000
blog-website:info:2025-09-21 21:43:05:Database connection succeed
blog-website:info:2025-09-21 21:43:05:server is running on port : http://localhost:3000
blog-website:info:2025-09-21 21:43:25:Database connection succeed
blog-website:info:2025-09-21 21:43:25:server is running on port : http://localhost:3000
blog-website:info:2025-09-21 21:43:51:Database connection succeed
blog-website:info:2025-09-21 21:43:51:server is running on port : http://localhost:3000
blog-website:info:2025-09-21 21:44:02:Database connection succeed
blog-website:info:2025-09-21 21:44:02:server is running on port : http://localhost:3000
blog-website:info:2025-09-21 21:44:10:Database connection succeed
blog-website:info:2025-09-21 21:44:10:server is running on port : http://localhost:3000
blog-website:info:2025-09-21 21:44:17:Database connection succeed
blog-website:info:2025-09-21 21:44:17:server is running on port : http://localhost:3000
blog-website:info:2025-09-21 21:44:23:Database connection succeed
blog-website:info:2025-09-21 21:44:23:server is running on port : http://localhost:3000
blog-website:info:2025-09-21 21:44:39:Database connection succeed
blog-website:info:2025-09-21 21:44:39:server is running on port : http://localhost:3000
blog-website:info:2025-09-21 21:44:43:Database connection succeed
blog-website:info:2025-09-21 21:44:43:server is running on port : http://localhost:3000
blog-website:info:2025-09-21 21:44:54:Database connection succeed
blog-website:info:2025-09-21 21:44:54:server is running on port : http://localhost:3000
blog-website:info:2025-09-21 21:45:10:Database connection succeed
blog-website:info:2025-09-21 21:45:10:server is running on port : http://localhost:3000
blog-website:info:2025-09-21 21:45:15:Database connection succeed
blog-website:info:2025-09-21 21:45:15:server is running on port : http://localhost:3000
blog-website:info:2025-09-21 21:45:20:Database connection succeed
blog-website:info:2025-09-21 21:45:20:server is running on port : http://localhost:3000
blog-website:info:2025-09-21 21:45:27:Database connection succeed
blog-website:info:2025-09-21 21:45:27:server is running on port : http://localhost:3000
blog-website:info:2025-09-21 21:45:37:Database connection succeed
blog-website:info:2025-09-21 21:45:37:server is running on port : http://localhost:3000
blog-website:info:2025-09-21 21:45:47:Database connection succeed
blog-website:info:2025-09-21 21:45:47:server is running on port : http://localhost:3000
blog-website:info:2025-09-21 21:46:14:Database connection succeed
blog-website:info:2025-09-21 21:46:14:server is running on port : http://localhost:3000
blog-website:info:2025-09-21 21:46:19:Database connection succeed
blog-website:info:2025-09-21 21:46:19:server is running on port : http://localhost:3000
blog-website:info:2025-09-21 21:46:26:Database connection succeed
blog-website:info:2025-09-21 21:46:26:server is running on port : http://localhost:3000
blog-website:info:2025-09-21 21:46:33:Database connection succeed
blog-website:info:2025-09-21 21:46:33:server is running on port : http://localhost:3000
blog-website:info:2025-09-21 21:46:54:Database connection succeed
blog-website:info:2025-09-21 21:46:54:server is running on port : http://localhost:3000
blog-website:info:2025-09-21 21:47:00:Database connection succeed
blog-website:info:2025-09-21 21:47:00:server is running on port : http://localhost:3000
blog-website:info:2025-09-21 21:47:10:Database connection succeed
blog-website:info:2025-09-21 21:47:10:server is running on port : http://localhost:3000
blog-website:info:2025-09-21 21:47:26:Database connection succeed
blog-website:info:2025-09-21 21:47:26:server is running on port : http://localhost:3000
blog-website:info:2025-09-21 21:47:30:Database connection succeed
blog-website:info:2025-09-21 21:47:30:server is running on port : http://localhost:3000
blog-website:info:2025-09-21 21:47:37:Database connection succeed
blog-website:info:2025-09-21 21:47:37:server is running on port : http://localhost:3000
blog-website:info:2025-09-21 21:47:42:Database connection succeed
blog-website:info:2025-09-21 21:47:42:server is running on port : http://localhost:3000
blog-website:info:2025-09-21 21:47:50:Database connection succeed
blog-website:info:2025-09-21 21:47:50:server is running on port : http://localhost:3000
blog-website:info:2025-09-21 21:47:58:Database connection succeed
blog-website:info:2025-09-21 21:47:58:server is running on port : http://localhost:3000
blog-website:info:2025-09-21 21:48:06:Database connection succeed
blog-website:info:2025-09-21 21:48:06:server is running on port : http://localhost:3000
blog-website:info:2025-09-21 21:48:11:Database connection succeed
blog-website:info:2025-09-21 21:48:11:server is running on port : http://localhost:3000
blog-website:info:2025-09-21 21:48:32:Database connection succeed
blog-website:info:2025-09-21 21:48:32:server is running on port : http://localhost:3000
blog-website:info:2025-09-21 21:48:48:Database connection succeed
blog-website:info:2025-09-21 21:48:48:server is running on port : http://localhost:3000
blog-website:info:2025-09-21 21:49:28:Database connection succeed
blog-website:info:2025-09-21 21:49:28:server is running on port : http://localhost:3000
blog-website:info:2025-09-21 21:49:38:Database connection succeed
blog-website:info:2025-09-21 21:49:38:server is running on port : http://localhost:3000
blog-website:info:2025-09-21 21:49:42:Database connection succeed
blog-website:info:2025-09-21 21:49:42:server is running on port : http://localhost:3000
blog-website:info:2025-09-21 21:49:50:Database connection succeed
blog-website:info:2025-09-21 21:49:50:server is running on port : http://localhost:3000
blog-website:info:2025-09-21 21:50:35:Database connection succeed
blog-website:info:2025-09-21 21:50:35:server is running on port : http://localhost:3000
blog-website:info:2025-09-21 21:51:15:Database connection succeed
blog-website:info:2025-09-21 21:51:15:server is running on port : http://localhost:3000
blog-website:info:2025-09-21 21:51:26:Database connection succeed
blog-website:info:2025-09-21 21:51:26:server is running on port : http://localhost:3000
blog-website:info:2025-09-21 21:51:32:Database connection succeed
blog-website:info:2025-09-21 21:51:32:server is running on port : http://localhost:3000
blog-website:info:2025-09-21 21:51:51:Database connection succeed
blog-website:info:2025-09-21 21:51:51:server is running on port : http://localhost:3000
blog-website:info:2025-09-21 21:52:03:Database connection succeed
blog-website:info:2025-09-21 21:52:03:server is running on port : http://localhost:3000
blog-website:info:2025-09-21 21:52:12:Database connection succeed
blog-website:info:2025-09-21 21:52:12:server is running on port : http://localhost:3000
blog-website:info:2025-09-21 21:52:29:Database connection succeed
blog-website:info:2025-09-21 21:52:29:server is running on port : http://localhost:3000
blog-website:info:2025-09-21 21:52:37:Database connection succeed
blog-website:info:2025-09-21 21:52:37:server is running on port : http://localhost:3000
blog-website:info:2025-09-21 21:52:48:Database connection succeed
blog-website:info:2025-09-21 21:52:48:server is running on port : http://localhost:3000
blog-website:info:2025-09-21 21:52:55:Database connection succeed
blog-website:info:2025-09-21 21:52:55:server is running on port : http://localhost:3000
