blog-website:error:2025-09-20 12:11:04:Database connection failed. Error: bad auth : authentication failed
blog-website:error:2025-09-20 16:05:59:Error: Cannot destructure property 'name' of 'req.body' as it is undefined.
blog-website:error:2025-09-20 16:06:32:Error: Cannot destructure property 'name' of 'req.body' as it is undefined.
blog-website:error:2025-09-20 16:08:33:Error: Cannot destructure property 'name' of 'req.body' as it is undefined.
blog-website:error:2025-09-20 16:08:38:Error: Cannot destructure property 'name' of 'req.body' as it is undefined.
blog-website:error:2025-09-20 16:08:49:Error: Cannot destructure property 'name' of 'req.body' as it is undefined.
blog-website:error:2025-09-20 16:09:51:Error: Cannot destructure property 'name' of 'req.body' as it is undefined.
blog-website:error:2025-09-20 16:12:07:Error: Cannot destructure property 'name' of 'req.body' as it is undefined.
blog-website:error:2025-09-20 16:12:40:Error: Cannot destructure property 'name' of 'req.body' as it is undefined.
blog-website:error:2025-09-20 16:13:16:Error: Cannot destructure property 'name' of 'req.body' as it is undefined.
blog-website:error:2025-09-20 16:14:03:Error: Cannot destructure property 'name' of 'req.body' as it is undefined.
blog-website:error:2025-09-20 16:15:50:Error: User validation failed: avatar.url: Path `avatar.url` is required., avatar.public_id: Path `avatar.public_id` is required.
blog-website:error:2025-09-20 16:16:06:Error: Cannot destructure property 'name' of 'req.body' as it is undefined.
blog-website:error:2025-09-21 18:36:15:Error: Cannot destructure property 'name' of 'req.body' as it is undefined.
blog-website:error:2025-09-21 18:50:37:Error: User validation failed: avatar.url: Path `avatar.url` is required., avatar.public_id: Path `avatar.public_id` is required.
blog-website:error:2025-09-21 18:52:49:Error: 
blog-website:error:2025-09-21 19:02:45:Error: User already existed
blog-website:error:2025-09-21 19:09:13:Error: User already existed
blog-website:error:2025-09-21 21:30:35:Error: Invalid credentials
blog-website:error:2025-09-21 21:30:43:Error: User not found
